/videos/784e56d6-0341-8fcf-46eb-cf3eef99fa15/hls1/main/0.ts

{"Protocol":0,"Id":"784e56d603418fcf46ebcf3eef99fa15","Path":"/data/movies/EXTENDED/50 Shades of Grey/2015 - Fifty Shades of Grey/Fifty Shades of Grey (2015).avi","EncoderPath":null,"EncoderProtocol":null,"Type":0,"Container":"avi","Size":1532048512,"Name":"Fifty Shades of Grey (2015)","IsRemote":false,"ETag":"1b70d2df3a7545402547712a272f21ab","RunTimeTicks":72033697792,"ReadAtNativeFramerate":false,"IgnoreDts":false,"IgnoreIndex":false,"GenPtsInput":false,"SupportsTranscoding":true,"SupportsDirectStream":true,"SupportsDirectPlay":true,"IsInfiniteStream":false,"RequiresOpening":false,"OpenToken":null,"RequiresClosing":false,"LiveStreamId":null,"BufferMs":null,"RequiresLooping":false,"SupportsProbing":true,"VideoType":0,"IsoType":null,"Video3DFormat":null,"MediaStreams":[{"Codec":"subrip","CodecTag":null,"Language":null,"ColorRange":null,"ColorSpace":null,"ColorTransfer":null,"ColorPrimaries":null,"DvVersionMajor":null,"DvVersionMinor":null,"DvProfile":null,"DvLevel":null,"RpuPresentFlag":null,"ElPresentFlag":null,"BlPresentFlag":null,"DvBlSignalCompatibilityId":null,"Comment":null,"TimeBase":"1/1000","CodecTimeBase":null,"Title":null,"VideoRange":null,"VideoRangeType":null,"VideoDoViTitle":null,"LocalizedUndefined":"Undefined","LocalizedDefault":"Default","LocalizedForced":"Forced","LocalizedExternal":"External","DisplayTitle":"Undefined - SUBRIP - External","NalLengthSize":null,"IsInterlaced":false,"IsAVC":null,"ChannelLayout":null,"BitRate":null,"BitDepth":null,"RefFrames":null,"PacketLength":null,"Channels":null,"SampleRate":null,"IsDefault":false,"IsForced":false,"Height":null,"Width":null,"AverageFrameRate":null,"RealFrameRate":null,"Profile":null,"Type":2,"AspectRatio":null,"Index":0,"Score":null,"IsExternal":true,"DeliveryMethod":null,"DeliveryUrl":null,"IsExternalUrl":null,"IsTextSubtitleStream":true,"SupportsExternalStream":true,"Path":"/data/movies/EXTENDED/50 Shades of Grey/2015 - Fifty Shades of Grey/Fifty Shades of Grey (2015).srt","PixelFormat":null,"Level":0,"IsAnamorphic":null},{"Codec":"mpeg4","CodecTag":"XVID","Language":null,"ColorRange":null,"ColorSpace":null,"ColorTransfer":null,"ColorPrimaries":null,"DvVersionMajor":null,"DvVersionMinor":null,"DvProfile":null,"DvLevel":null,"RpuPresentFlag":null,"ElPresentFlag":null,"BlPresentFlag":null,"DvBlSignalCompatibilityId":null,"Comment":null,"TimeBase":"125/2997","CodecTimeBase":null,"Title":null,"VideoRange":"SDR","VideoRangeType":"SDR","VideoDoViTitle":null,"LocalizedUndefined":null,"LocalizedDefault":null,"LocalizedForced":null,"LocalizedExternal":null,"DisplayTitle":"720p MPEG4 SDR","NalLengthSize":null,"IsInterlaced":false,"IsAVC":null,"ChannelLayout":null,"BitRate":1560364,"BitDepth":8,"RefFrames":1,"PacketLength":null,"Channels":null,"SampleRate":null,"IsDefault":false,"IsForced":false,"Height":534,"Width":1280,"AverageFrameRate":23.976,"RealFrameRate":23.976,"Profile":"Advanced Simple Profile","Type":1,"AspectRatio":"2.40:1","Index":1,"Score":null,"IsExternal":false,"DeliveryMethod":null,"DeliveryUrl":null,"IsExternalUrl":null,"IsTextSubtitleStream":false,"SupportsExternalStream":false,"Path":null,"PixelFormat":"yuv420p","Level":5,"IsAnamorphic":null},{"Codec":"mp3","CodecTag":null,"Language":null,"ColorRange":null,"ColorSpace":null,"ColorTransfer":null,"ColorPrimaries":null,"DvVersionMajor":null,"DvVersionMinor":null,"DvProfile":null,"DvLevel":null,"RpuPresentFlag":null,"ElPresentFlag":null,"BlPresentFlag":null,"DvBlSignalCompatibilityId":null,"Comment":null,"TimeBase":"1/16000","CodecTimeBase":null,"Title":null,"VideoRange":null,"VideoRangeType":null,"VideoDoViTitle":null,"LocalizedUndefined":null,"LocalizedDefault":null,"LocalizedForced":null,"LocalizedExternal":null,"DisplayTitle":"MP3 - Stereo","NalLengthSize":null,"IsInterlaced":false,"IsAVC":null,"ChannelLayout":"stereo","BitRate":128000,"BitDepth":null,"RefFrames":null,"PacketLength":null,"Channels":2,"SampleRate":44100,"IsDefault":false,"IsForced":false,"Height":null,"Width":null,"AverageFrameRate":null,"RealFrameRate":null,"Profile":null,"Type":0,"AspectRatio":null,"Index":2,"Score":null,"IsExternal":false,"DeliveryMethod":null,"DeliveryUrl":null,"IsExternalUrl":null,"IsTextSubtitleStream":false,"SupportsExternalStream":false,"Path":null,"PixelFormat":null,"Level":0,"IsAnamorphic":null}],"MediaAttachments":[],"Formats":[],"Bitrate":1701479,"Timestamp":null,"RequiredHttpHeaders":{},"TranscodingUrl":null,"TranscodingSubProtocol":null,"TranscodingContainer":null,"AnalyzeDurationMs":null,"DefaultAudioStreamIndex":null,"DefaultSubtitleStreamIndex":null}

/usr/lib/jellyfin-ffmpeg/ffmpeg -analyzeduration 200M -f avi -autorotate 0 -i file:"/data/movies/EXTENDED/50 Shades of Grey/2015 - Fifty Shades of Grey/Fifty Shades of Grey (2015).avi" -map_metadata -1 -map_chapters -1 -threads 0 -map 0:0 -map 0:1 -map -0:s -codec:v:0 libx264 -preset veryfast -crf 23 -maxrate 3900910 -bufsize 7801820 -profile:v:0 high -level 51 -x264opts:0 subme=0:me_range=4:rc_lookahead=10:me=dia:no_chroma_me:8x8dct=0:partitions=none -force_key_frames:0 "expr:gte(t,0+n_forced*3)" -sc_threshold:v:0 0 -vf "setparams=color_primaries=bt709:color_trc=bt709:colorspace=bt709,scale=trunc(min(max(iw\,ih*a)\,min(1280\,534*a))/2)*2:trunc(min(max(iw/a\,ih)\,min(1280/a\,534))/2)*2,format=yuv420p" -codec:a:0 copy -copyts -avoid_negative_ts disabled -max_muxing_queue_size 2048 -f hls -max_delay 5000000 -hls_time 3 -hls_segment_type mpegts -start_number 0 -hls_segment_filename "/config/data/transcodes/b977d558c1f1af8cdcd71e389a0b7824%d.ts" -hls_playlist_type vod -hls_list_size 0 -y "/config/data/transcodes/b977d558c1f1af8cdcd71e389a0b7824.m3u8"


ffmpeg version 5.1.2-Jellyfin Copyright (c) 2000-2022 the FFmpeg developers
  built with gcc 9 (Ubuntu 9.4.0-1ubuntu1~20.04.1)
  configuration: --prefix=/usr/lib/jellyfin-ffmpeg --target-os=linux --extra-libs=-lfftw3f --extra-version=Jellyfin --disable-doc --disable-ffplay --disable-ptx-compression --disable-shared --disable-libxcb --disable-sdl2 --disable-xlib --enable-lto --enable-gpl --enable-version3 --enable-static --enable-gmp --enable-gnutls --enable-chromaprint --enable-libdrm --enable-libass --enable-libfreetype --enable-libfribidi --enable-libfontconfig --enable-libbluray --enable-libmp3lame --enable-libopus --enable-libtheora --enable-libvorbis --enable-libdav1d --enable-libwebp --enable-libvpx --enable-libx264 --enable-libx265 --enable-libzvbi --enable-libzimg --enable-libfdk-aac --arch=amd64 --enable-libsvtav1 --enable-libshaderc --enable-libplacebo --enable-vulkan --enable-opencl --enable-vaapi --enable-amf --enable-libmfx --enable-ffnvcodec --enable-cuda --enable-cuda-llvm --enable-cuvid --enable-nvdec --enable-nvenc
  libavutil      57. 28.100 / 57. 28.100
  libavcodec     59. 37.100 / 59. 37.100
  libavformat    59. 27.100 / 59. 27.100
  libavdevice    59.  7.100 / 59.  7.100
  libavfilter     8. 44.100 /  8. 44.100
  libswscale      6.  7.100 /  6.  7.100
  libswresample   4.  7.100 /  4.  7.100
  libpostproc    56.  6.100 / 56.  6.100
[avi @ 0x55756a634540] non-interleaved AVI
Input #0, avi, from 'file:/data/movies/EXTENDED/50 Shades of Grey/2015 - Fifty Shades of Grey/Fifty Shades of Grey (2015).avi':
  Metadata:
    software        : MEncoder SVN-r29352(20090610-gcc4.3.3)
  Duration: 02:00:03.37, start: 0.000000, bitrate: 1701 kb/s
  Stream #0:0: Video: mpeg4 (Advanced Simple Profile) (XVID / 0x44495658), yuv420p, 1280x534 [SAR 1:1 DAR 640:267], 1560 kb/s, SAR 34176:34175 DAR 16384:6835, 23.98 fps, 23.98 tbr, 23.98 tbn
  Stream #0:1: Audio: mp3 (U[0][0][0] / 0x0055), 44100 Hz, stereo, fltp, 128 kb/s
Stream mapping:
  Stream #0:0 -> #0:0 (mpeg4 (native) -> h264 (libx264))
  Stream #0:1 -> #0:1 (copy)
Press [q] to stop, [?] for help
[libx264 @ 0x55756a659180] using SAR=1/1
[libx264 @ 0x55756a659180] using cpu capabilities: MMX2 SSE2Fast SSSE3 SSE4.2 AVX FMA3 BMI2 AVX2 AVX512
[libx264 @ 0x55756a659180] profile Main, level 5.1
[libx264 @ 0x55756a659180] 264 - core 155 r2917 0a84d98 - H.264/MPEG-4 AVC codec - Copyleft 2003-2018 - http://www.videolan.org/x264.html - options: cabac=1 ref=1 deblock=1:0:0 analyse=0x1:0 me=dia subme=0 psy=1 psy_rd=1.00:0.00 mixed_ref=0 me_range=4 chroma_me=0 trellis=0 8x8dct=0 cqm=0 deadzone=21,11 fast_pskip=1 chroma_qp_offset=0 threads=12 lookahead_threads=2 sliced_threads=0 nr=0 decimate=1 interlaced=0 bluray_compat=0 constrained_intra=0 bframes=3 b_pyramid=2 b_adapt=1 b_bias=0 direct=1 weightb=1 open_gop=0 weightp=1 keyint=250 keyint_min=23 scenecut=0 intra_refresh=0 rc_lookahead=10 rc=crf mbtree=1 crf=23.0 qcomp=0.60 qpmin=0 qpmax=69 qpstep=4 vbv_maxrate=3900 vbv_bufsize=7801 crf_max=0.0 nal_hrd=none filler=0 ip_ratio=1.40 aq=1:1.00
Output #0, hls, to '/config/data/transcodes/b977d558c1f1af8cdcd71e389a0b7824.m3u8':
  Metadata:
    encoder         : Lavf59.27.100
  Stream #0:0: Video: h264, yuv420p(bt709, progressive), 1280x534 [SAR 34176:34175 DAR 16384:6835], q=2-31, 23.98 fps, 90k tbn
    Metadata:
      encoder         : Lavc59.37.100 libx264
    Side data:
      cpb: bitrate max/min/avg: 3900000/0/0 buffer size: 7801000 vbv_delay: N/A
  Stream #0:1: Audio: mp3 (U[0][0][0] / 0x0055), 44100 Hz, stereo, fltp, 128 kb/s
frame=    1 fps=0.0 q=0.0 size=N/A time=00:00:00.00 bitrate=N/A speed=   0x    
frame=   49 fps=8.9 q=28.0 size=N/A time=00:00:02.03 bitrate=N/A speed=0.372x    
[hls @ 0x55756a658e00] Opening '/config/data/transcodes/b977d558c1f1af8cdcd71e389a0b78240.ts' for writing
[hls @ 0x55756a658e00] Opening '/config/data/transcodes/b977d558c1f1af8cdcd71e389a0b78241.ts' for writing
frame=  177 fps= 30 q=28.0 size=N/A time=00:00:07.36 bitrate=N/A speed=1.23x    
[hls @ 0x55756a658e00] Opening '/config/data/transcodes/b977d558c1f1af8cdcd71e389a0b78242.ts' for writing
[hls @ 0x55756a658e00] Opening '/config/data/transcodes/b977d558c1f1af8cdcd71e389a0b78243.ts' for writing
frame=  352 fps= 54 q=28.0 size=N/A time=00:00:14.68 bitrate=N/A speed=2.26x    
[hls @ 0x55756a658e00] Opening '/config/data/transcodes/b977d558c1f1af8cdcd71e389a0b78244.ts' for writing
[hls @ 0x55756a658e00] Opening '/config/data/transcodes/b977d558c1f1af8cdcd71e389a0b78245.ts' for writing
[hls @ 0x55756a658e00] Opening '/config/data/transcodes/b977d558c1f1af8cdcd71e389a0b78246.ts' for writing
frame=  574 fps= 82 q=28.0 size=N/A time=00:00:23.92 bitrate=N/A speed=3.43x    
[hls @ 0x55756a658e00] Opening '/config/data/transcodes/b977d558c1f1af8cdcd71e389a0b78247.ts' for writing
[hls @ 0x55756a658e00] Opening '/config/data/transcodes/b977d558c1f1af8cdcd71e389a0b78248.ts' for writing
[hls @ 0x55756a658e00] Opening '/config/data/transcodes/b977d558c1f1af8cdcd71e389a0b78249.ts' for writing
[hls @ 0x55756a658e00] Opening '/config/data/transcodes/b977d558c1f1af8cdcd71e389a0b782410.ts' for writing
frame=  880 fps=118 q=25.0 size=N/A time=00:00:36.70 bitrate=N/A speed= 4.9x    
[hls @ 0x55756a658e00] Opening '/config/data/transcodes/b977d558c1f1af8cdcd71e389a0b782411.ts' for writing
[hls @ 0x55756a658e00] Opening '/config/data/transcodes/b977d558c1f1af8cdcd71e389a0b782412.ts' for writing
[hls @ 0x55756a658e00] Opening '/config/data/transcodes/b977d558c1f1af8cdcd71e389a0b782413.ts' for writing
frame= 1080 fps=135 q=28.0 size=N/A time=00:00:45.03 bitrate=N/A speed=5.63x    
[hls @ 0x55756a658e00] Opening '/config/data/transcodes/b977d558c1f1af8cdcd71e389a0b782414.ts' for writing
[hls @ 0x55756a658e00] Opening '/config/data/transcodes/b977d558c1f1af8cdcd71e389a0b782415.ts' for writing
frame= 1245 fps=147 q=28.0 size=N/A time=00:00:51.93 bitrate=N/A speed=6.11x    
[hls @ 0x55756a658e00] Opening '/config/data/transcodes/b977d558c1f1af8cdcd71e389a0b782416.ts' for writing
[hls @ 0x55756a658e00] Opening '/config/data/transcodes/b977d558c1f1af8cdcd71e389a0b782417.ts' for writing
frame= 1388 fps=154 q=28.0 size=N/A time=00:00:57.88 bitrate=N/A speed=6.43x    
[hls @ 0x55756a658e00] Opening '/config/data/transcodes/b977d558c1f1af8cdcd71e389a0b782418.ts' for writing
[hls @ 0x55756a658e00] Opening '/config/data/transcodes/b977d558c1f1af8cdcd71e389a0b782419.ts' for writing
[hls @ 0x55756a658e00] Opening '/config/data/transcodes/b977d558c1f1af8cdcd71e389a0b782420.ts' for writing
frame= 1583 fps=167 q=28.0 size=N/A time=00:01:06.01 bitrate=N/A speed=6.94x    
[hls @ 0x55756a658e00] Opening '/config/data/transcodes/b977d558c1f1af8cdcd71e389a0b782421.ts' for writing
[hls @ 0x55756a658e00] Opening '/config/data/transcodes/b977d558c1f1af8cdcd71e389a0b782422.ts' for writing
[hls @ 0x55756a658e00] Opening '/config/data/transcodes/b977d558c1f1af8cdcd71e389a0b782423.ts' for writing
[hls @ 0x55756a658e00] Opening '/config/data/transcodes/b977d558c1f1af8cdcd71e389a0b782424.ts' for writing
frame= 1840 fps=184 q=28.0 size=N/A time=00:01:16.74 bitrate=N/A speed=7.67x    
[hls @ 0x55756a658e00] Opening '/config/data/transcodes/b977d558c1f1af8cdcd71e389a0b782425.ts' for writing
[hls @ 0x55756a658e00] Opening '/config/data/transcodes/b977d558c1f1af8cdcd71e389a0b782426.ts' for writing
frame= 2035 fps=194 q=28.0 size=N/A time=00:01:24.87 bitrate=N/A speed=8.08x    
[hls @ 0x55756a658e00] Opening '/config/data/transcodes/b977d558c1f1af8cdcd71e389a0b782427.ts' for writing
[hls @ 0x55756a658e00] Opening '/config/data/transcodes/b977d558c1f1af8cdcd71e389a0b782428.ts' for writing
[hls @ 0x55756a658e00] Opening '/config/data/transcodes/b977d558c1f1af8cdcd71e389a0b782429.ts' for writing
[hls @ 0x55756a658e00] Opening '/config/data/transcodes/b977d558c1f1af8cdcd71e389a0b782430.ts' for writing
frame= 2261 fps=205 q=28.0 size=N/A time=00:01:34.30 bitrate=N/A speed=8.57x    
[hls @ 0x55756a658e00] Opening '/config/data/transcodes/b977d558c1f1af8cdcd71e389a0b782431.ts' for writing
[hls @ 0x55756a658e00] Opening '/config/data/transcodes/b977d558c1f1af8cdcd71e389a0b782432.ts' for writing
[hls @ 0x55756a658e00] Opening '/config/data/transcodes/b977d558c1f1af8cdcd71e389a0b782433.ts' for writing
frame= 2491 fps=216 q=28.0 size=N/A time=00:01:43.88 bitrate=N/A speed=9.02x    
[hls @ 0x55756a658e00] Opening '/config/data/transcodes/b977d558c1f1af8cdcd71e389a0b782434.ts' for writing
[hls @ 0x55756a658e00] Opening '/config/data/transcodes/b977d558c1f1af8cdcd71e389a0b782435.ts' for writing
frame= 2642 fps=220 q=28.0 size=N/A time=00:01:50.18 bitrate=N/A speed=9.17x    
[hls @ 0x55756a658e00] Opening '/config/data/transcodes/b977d558c1f1af8cdcd71e389a0b782436.ts' for writing
[hls @ 0x55756a658e00] Opening '/config/data/transcodes/b977d558c1f1af8cdcd71e389a0b782437.ts' for writing
[hls @ 0x55756a658e00] Opening '/config/data/transcodes/b977d558c1f1af8cdcd71e389a0b782438.ts' for writing
frame= 2874 fps=230 q=28.0 size=N/A time=00:01:59.87 bitrate=N/A speed=9.58x    
[hls @ 0x55756a658e00] Opening '/config/data/transcodes/b977d558c1f1af8cdcd71e389a0b782439.ts' for writing
[hls @ 0x55756a658e00] Opening '/config/data/transcodes/b977d558c1f1af8cdcd71e389a0b782440.ts' for writing
frame= 3017 fps=232 q=28.0 size=N/A time=00:02:05.83 bitrate=N/A speed=9.66x    
[hls @ 0x55756a658e00] Opening '/config/data/transcodes/b977d558c1f1af8cdcd71e389a0b782441.ts' for writing
[hls @ 0x55756a658e00] Opening '/config/data/transcodes/b977d558c1f1af8cdcd71e389a0b782442.ts' for writing
[hls @ 0x55756a658e00] Opening '/config/data/transcodes/b977d558c1f1af8cdcd71e389a0b782443.ts' for writing
frame= 3240 fps=240 q=28.0 size=N/A time=00:02:15.13 bitrate=N/A speed=9.99x    
[hls @ 0x55756a658e00] Opening '/config/data/transcodes/b977d558c1f1af8cdcd71e389a0b782444.ts' for writing
[hls @ 0x55756a658e00] Opening '/config/data/transcodes/b977d558c1f1af8cdcd71e389a0b782445.ts' for writing
[hls @ 0x55756a658e00] Opening '/config/data/transcodes/b977d558c1f1af8cdcd71e389a0b782446.ts' for writing
frame= 3472 fps=248 q=28.0 size=N/A time=00:02:24.79 bitrate=N/A speed=10.3x    
[hls @ 0x55756a658e00] Opening '/config/data/transcodes/b977d558c1f1af8cdcd71e389a0b782447.ts' for writing
[hls @ 0x55756a658e00] Opening '/config/data/transcodes/b977d558c1f1af8cdcd71e389a0b782448.ts' for writing
[hls @ 0x55756a658e00] Opening '/config/data/transcodes/b977d558c1f1af8cdcd71e389a0b782449.ts' for writing
[hls @ 0x55756a658e00] Opening '/config/data/transcodes/b977d558c1f1af8cdcd71e389a0b782450.ts' for writing
frame= 3696 fps=254 q=28.0 size=N/A time=00:02:34.14 bitrate=N/A speed=10.6x    
[hls @ 0x55756a658e00] Opening '/config/data/transcodes/b977d558c1f1af8cdcd71e389a0b782451.ts' for writing
[hls @ 0x55756a658e00] Opening '/config/data/transcodes/b977d558c1f1af8cdcd71e389a0b782452.ts' for writing
frame= 3886 fps=259 q=28.0 size=N/A time=00:02:42.06 bitrate=N/A speed=10.8x    
[hls @ 0x55756a658e00] Opening '/config/data/transcodes/b977d558c1f1af8cdcd71e389a0b782453.ts' for writing
[hls @ 0x55756a658e00] Opening '/config/data/transcodes/b977d558c1f1af8cdcd71e389a0b782454.ts' for writing
[hls @ 0x55756a658e00] Opening '/config/data/transcodes/b977d558c1f1af8cdcd71e389a0b782455.ts' for writing
[hls @ 0x55756a658e00] Opening '/config/data/transcodes/b977d558c1f1af8cdcd71e389a0b782456.ts' for writing
frame= 4168 fps=268 q=28.0 size=N/A time=00:02:53.84 bitrate=N/A speed=11.2x    
[hls @ 0x55756a658e00] Opening '/config/data/transcodes/b977d558c1f1af8cdcd71e389a0b782457.ts' for writing


[q] command received. Exiting.

[hls @ 0x55756a658e00] Opening '/config/data/transcodes/b977d558c1f1af8cdcd71e389a0b782458.ts' for writing
[hls @ 0x55756a658e00] Opening '/config/data/transcodes/b977d558c1f1af8cdcd71e389a0b782459.ts' for writing
frame= 4260 fps=271 q=-1.0 Lsize=N/A time=00:02:57.65 bitrate=N/A speed=11.3x    
video:29106kB audio:2782kB subtitle:0kB other streams:0kB global headers:0kB muxing overhead: unknown
[libx264 @ 0x55756a659180] frame I:60    Avg QP:17.27  size: 41045
[libx264 @ 0x55756a659180] frame P:1366  Avg QP:21.04  size: 13808
[libx264 @ 0x55756a659180] frame B:2834  Avg QP:23.52  size:  2992
[libx264 @ 0x55756a659180] consecutive B-frames:  7.0% 10.3%  7.3% 75.3%
[libx264 @ 0x55756a659180] mb I  I16..4: 31.7%  0.0% 68.3%
[libx264 @ 0x55756a659180] mb P  I16..4: 24.4%  0.0%  0.0%  P16..4: 48.1%  0.0%  0.0%  0.0%  0.0%    skip:27.4%
[libx264 @ 0x55756a659180] mb B  I16..4:  2.4%  0.0%  0.0%  B16..8: 19.2%  0.0%  0.0%  direct: 6.1%  skip:72.3%  L0:38.4% L1:44.7% BI:16.9%
[libx264 @ 0x55756a659180] coded y,uvDC,uvAC intra: 29.2% 40.6% 6.8% inter: 9.4% 10.8% 0.1%
[libx264 @ 0x55756a659180] i16 v,h,dc,p: 39% 28% 15% 18%
[libx264 @ 0x55756a659180] i4 v,h,dc,ddl,ddr,vr,hd,vl,hu: 30% 25% 11%  6%  5%  5%  6%  5%  6%
[libx264 @ 0x55756a659180] i8c dc,h,v,p: 41% 25% 24%  9%
[libx264 @ 0x55756a659180] Weighted P-Frames: Y:6.7% UV:3.7%
[libx264 @ 0x55756a659180] kb/s:1341.93