/videos/784e56d6-0341-8fcf-46eb-cf3eef99fa15/hls1/main/168.ts

{"Protocol":0,"Id":"784e56d603418fcf46ebcf3eef99fa15","Path":"/data/movies/EXTENDED/50 Shades of Grey/2015 - Fifty Shades of Grey/Fifty Shades of Grey (2015).avi","EncoderPath":null,"EncoderProtocol":null,"Type":0,"Container":"avi","Size":1532048512,"Name":"Fifty Shades of Grey (2015)","IsRemote":false,"ETag":"1b70d2df3a7545402547712a272f21ab","RunTimeTicks":72033697792,"ReadAtNativeFramerate":false,"IgnoreDts":false,"IgnoreIndex":false,"GenPtsInput":false,"SupportsTranscoding":true,"SupportsDirectStream":true,"SupportsDirectPlay":true,"IsInfiniteStream":false,"RequiresOpening":false,"OpenToken":null,"RequiresClosing":false,"LiveStreamId":null,"BufferMs":null,"RequiresLooping":false,"SupportsProbing":true,"VideoType":0,"IsoType":null,"Video3DFormat":null,"MediaStreams":[{"Codec":"subrip","CodecTag":null,"Language":null,"ColorRange":null,"ColorSpace":null,"ColorTransfer":null,"ColorPrimaries":null,"DvVersionMajor":null,"DvVersionMinor":null,"DvProfile":null,"DvLevel":null,"RpuPresentFlag":null,"ElPresentFlag":null,"BlPresentFlag":null,"DvBlSignalCompatibilityId":null,"Comment":null,"TimeBase":"1/1000","CodecTimeBase":null,"Title":null,"VideoRange":null,"VideoRangeType":null,"VideoDoViTitle":null,"LocalizedUndefined":"Undefined","LocalizedDefault":"Default","LocalizedForced":"Forced","LocalizedExternal":"External","DisplayTitle":"Undefined - SUBRIP - External","NalLengthSize":null,"IsInterlaced":false,"IsAVC":null,"ChannelLayout":null,"BitRate":null,"BitDepth":null,"RefFrames":null,"PacketLength":null,"Channels":null,"SampleRate":null,"IsDefault":false,"IsForced":false,"Height":null,"Width":null,"AverageFrameRate":null,"RealFrameRate":null,"Profile":null,"Type":2,"AspectRatio":null,"Index":0,"Score":null,"IsExternal":true,"DeliveryMethod":null,"DeliveryUrl":null,"IsExternalUrl":null,"IsTextSubtitleStream":true,"SupportsExternalStream":true,"Path":"/data/movies/EXTENDED/50 Shades of Grey/2015 - Fifty Shades of Grey/Fifty Shades of Grey (2015).srt","PixelFormat":null,"Level":0,"IsAnamorphic":null},{"Codec":"mpeg4","CodecTag":"XVID","Language":null,"ColorRange":null,"ColorSpace":null,"ColorTransfer":null,"ColorPrimaries":null,"DvVersionMajor":null,"DvVersionMinor":null,"DvProfile":null,"DvLevel":null,"RpuPresentFlag":null,"ElPresentFlag":null,"BlPresentFlag":null,"DvBlSignalCompatibilityId":null,"Comment":null,"TimeBase":"125/2997","CodecTimeBase":null,"Title":null,"VideoRange":"SDR","VideoRangeType":"SDR","VideoDoViTitle":null,"LocalizedUndefined":null,"LocalizedDefault":null,"LocalizedForced":null,"LocalizedExternal":null,"DisplayTitle":"720p MPEG4 SDR","NalLengthSize":null,"IsInterlaced":false,"IsAVC":null,"ChannelLayout":null,"BitRate":1560364,"BitDepth":8,"RefFrames":1,"PacketLength":null,"Channels":null,"SampleRate":null,"IsDefault":false,"IsForced":false,"Height":534,"Width":1280,"AverageFrameRate":23.976,"RealFrameRate":23.976,"Profile":"Advanced Simple Profile","Type":1,"AspectRatio":"2.40:1","Index":1,"Score":null,"IsExternal":false,"DeliveryMethod":null,"DeliveryUrl":null,"IsExternalUrl":null,"IsTextSubtitleStream":false,"SupportsExternalStream":false,"Path":null,"PixelFormat":"yuv420p","Level":5,"IsAnamorphic":null},{"Codec":"mp3","CodecTag":null,"Language":null,"ColorRange":null,"ColorSpace":null,"ColorTransfer":null,"ColorPrimaries":null,"DvVersionMajor":null,"DvVersionMinor":null,"DvProfile":null,"DvLevel":null,"RpuPresentFlag":null,"ElPresentFlag":null,"BlPresentFlag":null,"DvBlSignalCompatibilityId":null,"Comment":null,"TimeBase":"1/16000","CodecTimeBase":null,"Title":null,"VideoRange":null,"VideoRangeType":null,"VideoDoViTitle":null,"LocalizedUndefined":null,"LocalizedDefault":null,"LocalizedForced":null,"LocalizedExternal":null,"DisplayTitle":"MP3 - Stereo","NalLengthSize":null,"IsInterlaced":false,"IsAVC":null,"ChannelLayout":"stereo","BitRate":128000,"BitDepth":null,"RefFrames":null,"PacketLength":null,"Channels":2,"SampleRate":44100,"IsDefault":false,"IsForced":false,"Height":null,"Width":null,"AverageFrameRate":null,"RealFrameRate":null,"Profile":null,"Type":0,"AspectRatio":null,"Index":2,"Score":null,"IsExternal":false,"DeliveryMethod":null,"DeliveryUrl":null,"IsExternalUrl":null,"IsTextSubtitleStream":false,"SupportsExternalStream":false,"Path":null,"PixelFormat":null,"Level":0,"IsAnamorphic":null}],"MediaAttachments":[],"Formats":[],"Bitrate":1701479,"Timestamp":null,"RequiredHttpHeaders":{},"TranscodingUrl":null,"TranscodingSubProtocol":null,"TranscodingContainer":null,"AnalyzeDurationMs":null,"DefaultAudioStreamIndex":null,"DefaultSubtitleStreamIndex":null}

/usr/lib/jellyfin-ffmpeg/ffmpeg -analyzeduration 200M -ss 00:08:24.000 -f avi -autorotate 0 -i file:"/data/movies/EXTENDED/50 Shades of Grey/2015 - Fifty Shades of Grey/Fifty Shades of Grey (2015).avi" -map_metadata -1 -map_chapters -1 -threads 0 -map 0:0 -map 0:1 -map -0:s -codec:v:0 libx264 -preset veryfast -crf 23 -maxrate 3900910 -bufsize 7801820 -profile:v:0 high -level 51 -x264opts:0 subme=0:me_range=4:rc_lookahead=10:me=dia:no_chroma_me:8x8dct=0:partitions=none -force_key_frames:0 "expr:gte(t,504+n_forced*3)" -sc_threshold:v:0 0 -vf "setparams=color_primaries=bt709:color_trc=bt709:colorspace=bt709,scale=trunc(min(max(iw\,ih*a)\,min(1280\,534*a))/2)*2:trunc(min(max(iw/a\,ih)\,min(1280/a\,534))/2)*2,format=yuv420p" -codec:a:0 copy -copyts -avoid_negative_ts disabled -max_muxing_queue_size 2048 -f hls -max_delay 5000000 -hls_time 3 -hls_segment_type mpegts -start_number 168 -hls_segment_filename "/config/data/transcodes/b977d558c1f1af8cdcd71e389a0b7824%d.ts" -hls_playlist_type vod -hls_list_size 0 -y "/config/data/transcodes/b977d558c1f1af8cdcd71e389a0b7824.m3u8"


ffmpeg version 5.1.2-Jellyfin Copyright (c) 2000-2022 the FFmpeg developers
  built with gcc 9 (Ubuntu 9.4.0-1ubuntu1~20.04.1)
  configuration: --prefix=/usr/lib/jellyfin-ffmpeg --target-os=linux --extra-libs=-lfftw3f --extra-version=Jellyfin --disable-doc --disable-ffplay --disable-ptx-compression --disable-shared --disable-libxcb --disable-sdl2 --disable-xlib --enable-lto --enable-gpl --enable-version3 --enable-static --enable-gmp --enable-gnutls --enable-chromaprint --enable-libdrm --enable-libass --enable-libfreetype --enable-libfribidi --enable-libfontconfig --enable-libbluray --enable-libmp3lame --enable-libopus --enable-libtheora --enable-libvorbis --enable-libdav1d --enable-libwebp --enable-libvpx --enable-libx264 --enable-libx265 --enable-libzvbi --enable-libzimg --enable-libfdk-aac --arch=amd64 --enable-libsvtav1 --enable-libshaderc --enable-libplacebo --enable-vulkan --enable-opencl --enable-vaapi --enable-amf --enable-libmfx --enable-ffnvcodec --enable-cuda --enable-cuda-llvm --enable-cuvid --enable-nvdec --enable-nvenc
  libavutil      57. 28.100 / 57. 28.100
  libavcodec     59. 37.100 / 59. 37.100
  libavformat    59. 27.100 / 59. 27.100
  libavdevice    59.  7.100 / 59.  7.100
  libavfilter     8. 44.100 /  8. 44.100
  libswscale      6.  7.100 /  6.  7.100
  libswresample   4.  7.100 /  4.  7.100
  libpostproc    56.  6.100 / 56.  6.100
[avi @ 0x55f2fe203580] non-interleaved AVI
Input #0, avi, from 'file:/data/movies/EXTENDED/50 Shades of Grey/2015 - Fifty Shades of Grey/Fifty Shades of Grey (2015).avi':
  Metadata:
    software        : MEncoder SVN-r29352(20090610-gcc4.3.3)
  Duration: 02:00:03.37, start: 0.000000, bitrate: 1701 kb/s
  Stream #0:0: Video: mpeg4 (Advanced Simple Profile) (XVID / 0x44495658), yuv420p, 1280x534 [SAR 1:1 DAR 640:267], 1560 kb/s, SAR 34176:34175 DAR 16384:6835, 23.98 fps, 23.98 tbr, 23.98 tbn
  Stream #0:1: Audio: mp3 (U[0][0][0] / 0x0055), 44100 Hz, stereo, fltp, 128 kb/s
Stream mapping:
  Stream #0:0 -> #0:0 (mpeg4 (native) -> h264 (libx264))
  Stream #0:1 -> #0:1 (copy)
Press [q] to stop, [?] for help
[libx264 @ 0x55f2fe21f740] using SAR=1/1
[libx264 @ 0x55f2fe21f740] using cpu capabilities: MMX2 SSE2Fast SSSE3 SSE4.2 AVX FMA3 BMI2 AVX2 AVX512
[libx264 @ 0x55f2fe21f740] profile Main, level 5.1
[libx264 @ 0x55f2fe21f740] 264 - core 155 r2917 0a84d98 - H.264/MPEG-4 AVC codec - Copyleft 2003-2018 - http://www.videolan.org/x264.html - options: cabac=1 ref=1 deblock=1:0:0 analyse=0x1:0 me=dia subme=0 psy=1 psy_rd=1.00:0.00 mixed_ref=0 me_range=4 chroma_me=0 trellis=0 8x8dct=0 cqm=0 deadzone=21,11 fast_pskip=1 chroma_qp_offset=0 threads=12 lookahead_threads=2 sliced_threads=0 nr=0 decimate=1 interlaced=0 bluray_compat=0 constrained_intra=0 bframes=3 b_pyramid=2 b_adapt=1 b_bias=0 direct=1 weightb=1 open_gop=0 weightp=1 keyint=250 keyint_min=23 scenecut=0 intra_refresh=0 rc_lookahead=10 rc=crf mbtree=1 crf=23.0 qcomp=0.60 qpmin=0 qpmax=69 qpstep=4 vbv_maxrate=3900 vbv_bufsize=7801 crf_max=0.0 nal_hrd=none filler=0 ip_ratio=1.40 aq=1:1.00
Output #0, hls, to '/config/data/transcodes/b977d558c1f1af8cdcd71e389a0b7824.m3u8':
  Metadata:
    encoder         : Lavf59.27.100
  Stream #0:0: Video: h264, yuv420p(bt709, progressive), 1280x534 [SAR 34176:34175 DAR 16384:6835], q=2-31, 23.98 fps, 90k tbn
    Metadata:
      encoder         : Lavc59.37.100 libx264
    Side data:
      cpb: bitrate max/min/avg: 3900000/0/0 buffer size: 7801000 vbv_delay: N/A
  Stream #0:1: Audio: mp3 (U[0][0][0] / 0x0055), 44100 Hz, stereo, fltp, 128 kb/s
frame=    1 fps=0.0 q=0.0 size=N/A time=00:00:00.00 bitrate=N/A speed=   0x    
frame=  215 fps=0.0 q=28.0 size=N/A time=00:00:08.96 bitrate=N/A speed=16.7x    
[hls @ 0x55f2fe227400] Opening '/config/data/transcodes/b977d558c1f1af8cdcd71e389a0b7824168.ts' for writing
[hls @ 0x55f2fe227400] Opening '/config/data/transcodes/b977d558c1f1af8cdcd71e389a0b7824169.ts' for writing
frame=  533 fps=514 q=28.0 size=N/A time=00:00:22.23 bitrate=N/A speed=21.4x    

[q] command received. Exiting.

[hls @ 0x55f2fe227400] Opening '/config/data/transcodes/b977d558c1f1af8cdcd71e389a0b7824170.ts' for writing
frame=  664 fps=540 q=-1.0 Lsize=N/A time=00:00:27.66 bitrate=N/A speed=22.5x    
video:1734kB audio:449kB subtitle:0kB other streams:0kB global headers:0kB muxing overhead: unknown
[libx264 @ 0x55f2fe21f740] frame I:3     Avg QP:16.89  size: 34944
[libx264 @ 0x55f2fe21f740] frame P:190   Avg QP:20.83  size:  7134
[libx264 @ 0x55f2fe21f740] frame B:471   Avg QP:23.67  size:   668
[libx264 @ 0x55f2fe21f740] consecutive B-frames:  2.6%  7.8%  2.3% 87.3%
[libx264 @ 0x55f2fe21f740] mb I  I16..4: 29.6%  0.0% 70.4%
[libx264 @ 0x55f2fe21f740] mb P  I16..4: 11.3%  0.0%  0.0%  P16..4: 33.4%  0.0%  0.0%  0.0%  0.0%    skip:55.3%
[libx264 @ 0x55f2fe21f740] mb B  I16..4:  0.6%  0.0%  0.0%  B16..8:  5.4%  0.0%  0.0%  direct: 2.2%  skip:91.8%  L0:36.8% L1:49.7% BI:13.5%
[libx264 @ 0x55f2fe21f740] coded y,uvDC,uvAC intra: 32.3% 36.1% 5.5% inter: 3.2% 4.7% 0.0%
[libx264 @ 0x55f2fe21f740] i16 v,h,dc,p: 46% 23% 12% 19%
[libx264 @ 0x55f2fe21f740] i4 v,h,dc,ddl,ddr,vr,hd,vl,hu: 33% 23% 11%  7%  5%  6%  5%  6%  5%
[libx264 @ 0x55f2fe21f740] i8c dc,h,v,p: 41% 21% 31%  8%
[libx264 @ 0x55f2fe21f740] Weighted P-Frames: Y:0.5% UV:0.5%
[libx264 @ 0x55f2fe21f740] kb/s:512.69